#
# There is insufficient memory for the Java Runtime Environment to continue.
# Native memory allocation (mmap) failed to map 85983232 bytes for committing reserved memory.
# Possible reasons:
#   The system is out of physical RAM or swap space
#   In 32 bit mode, the process size limit was hit
# Possible solutions:
#   Reduce memory load on the system
#   Increase physical memory or swap space
#   Check if swap backing store is full
#   Use 64 bit Java on a 64 bit OS
#   Decrease Java heap size (-Xmx/-Xms)
#   Decrease number of Java threads
#   Decrease Java thread stack sizes (-Xss)
#   Set larger code cache with -XX:ReservedCodeCacheSize=
# This output file may be truncated or incomplete.
#
#  Out of Memory Error (os_linux.cpp:2627), pid=11456, tid=140278541260544
#
# JRE version: Java(TM) SE Runtime Environment (8.0_66-b17) (build 1.8.0_66-b17)
# Java VM: Java HotSpot(TM) 64-Bit Server VM (25.66-b17 mixed mode linux-amd64 compressed oops)
# Failed to write core dump. Core dumps have been disabled. To enable core dumping, try "ulimit -c unlimited" before starting Java again
#

---------------  T H R E A D  ---------------

Current thread (0x00007f9544076800):  VMThread [stack: 0x00007f95248f1000,0x00007f95249f2000] [id=11486]

Stack: [0x00007f95248f1000,0x00007f95249f2000],  sp=0x00007f95249f0120,  free space=1020k
Native frames: (J=compiled Java code, j=interpreted, Vv=VM code, C=native code)
V  [libjvm.so+0xab9a1a]  VMError::report_and_die()+0x2ba
V  [libjvm.so+0x4f9e0b]  report_vm_out_of_memory(char const*, int, unsigned long, VMErrorType, char const*)+0x8b
V  [libjvm.so+0x91a8a3]  os::Linux::commit_memory_impl(char*, unsigned long, bool)+0x103
V  [libjvm.so+0x91adf9]  os::pd_commit_memory(char*, unsigned long, unsigned long, bool)+0x29
V  [libjvm.so+0x91510a]  os::commit_memory(char*, unsigned long, unsigned long, bool)+0x2a
V  [libjvm.so+0x9887a3]  PSVirtualSpace::expand_by(unsigned long)+0x53
V  [libjvm.so+0x989ba8]  PSYoungGen::resize_generation(unsigned long, unsigned long)+0xf8
V  [libjvm.so+0x988d02]  PSYoungGen::resize(unsigned long, unsigned long)+0x22
V  [libjvm.so+0x985fdb]  PSScavenge::invoke_no_policy()+0xf3b
V  [libjvm.so+0x986761]  PSScavenge::invoke()+0x41
V  [libjvm.so+0x93e500]  ParallelScavengeHeap::failed_mem_allocate(unsigned long)+0x70
V  [libjvm.so+0xabb437]  VM_ParallelGCFailedAllocation::doit()+0x97
V  [libjvm.so+0xac2e65]  VM_Operation::evaluate()+0x55
V  [libjvm.so+0xac123a]  VMThread::evaluate_operation(VM_Operation*)+0xba
V  [libjvm.so+0xac15be]  VMThread::loop()+0x1ce
V  [libjvm.so+0xac1a30]  VMThread::run()+0x70
V  [libjvm.so+0x91cc68]  java_start(Thread*)+0x108

VM_Operation (0x00007f951b374ab0): ParallelGCFailedAllocation, mode: safepoint, requested by thread 0x00007f954414c800


---------------  P R O C E S S  ---------------

Java Threads: ( => current thread )
  0x00007f9544150000 JavaThread "pool-1-thread-4" [_thread_blocked, id=11537, stack(0x00007f951b074000,0x00007f951b175000)]
  0x00007f954414e800 JavaThread "pool-1-thread-3" [_thread_blocked, id=11536, stack(0x00007f951b175000,0x00007f951b276000)]
  0x00007f954414c800 JavaThread "pool-1-thread-2" [_thread_blocked, id=11532, stack(0x00007f951b276000,0x00007f951b377000)]
  0x00007f954413f000 JavaThread "pool-2-thread-1" [_thread_blocked, id=11529, stack(0x00007f951b377000,0x00007f951b478000)]
  0x00007f9544137800 JavaThread "pool-1-thread-1" [_thread_blocked, id=11528, stack(0x00007f951b478000,0x00007f951b579000)]
  0x00007f95440be800 JavaThread "Service Thread" daemon [_thread_blocked, id=11510, stack(0x00007f95241ea000,0x00007f95242eb000)]
  0x00007f95440b9800 JavaThread "C1 CompilerThread2" daemon [_thread_blocked, id=11507, stack(0x00007f95242eb000,0x00007f95243ec000)]
  0x00007f95440b7800 JavaThread "C2 CompilerThread1" daemon [_thread_blocked, id=11503, stack(0x00007f95243ec000,0x00007f95244ed000)]
  0x00007f95440b4800 JavaThread "C2 CompilerThread0" daemon [_thread_blocked, id=11502, stack(0x00007f95244ed000,0x00007f95245ee000)]
  0x00007f95440b3800 JavaThread "Signal Dispatcher" daemon [_thread_blocked, id=11501, stack(0x00007f95245ee000,0x00007f95246ef000)]
  0x00007f954407d800 JavaThread "Finalizer" daemon [_thread_blocked, id=11494, stack(0x00007f95246ef000,0x00007f95247f0000)]
  0x00007f954407b800 JavaThread "Reference Handler" daemon [_thread_blocked, id=11493, stack(0x00007f95247f0000,0x00007f95248f1000)]
  0x00007f9544008800 JavaThread "main" [_thread_blocked, id=11464, stack(0x00007f954a94c000,0x00007f954aa4d000)]

Other Threads:
=>0x00007f9544076800 VMThread [stack: 0x00007f95248f1000,0x00007f95249f2000] [id=11486]
  0x00007f95440c1000 WatcherThread [stack: 0x00007f95240e9000,0x00007f95241ea000] [id=11516]

VM state:at safepoint (normal execution)

VM Mutex/Monitor currently owned by a thread:  ([mutex/lock_event])
[0x00007f95440064a0] Threads_lock - owner thread: 0x00007f9544076800
[0x00007f95440069a0] Heap_lock - owner thread: 0x00007f954414c800

Heap:
 PSYoungGen      total 66048K, used 2555K [0x00000000eab00000, 0x00000000eee00000, 0x0000000100000000)
  eden space 63488K, 0% used [0x00000000eab00000,0x00000000eab00000,0x00000000ee900000)
  from space 2560K, 99% used [0x00000000ee900000,0x00000000eeb7ee50,0x00000000eeb80000)
  to   space 2560K, 0% used [0x00000000eeb80000,0x00000000eeb80000,0x00000000eee00000)
 ParOldGen       total 42496K, used 23661K [0x00000000c0000000, 0x00000000c2980000, 0x00000000eab00000)
  object space 42496K, 55% used [0x00000000c0000000,0x00000000c171b540,0x00000000c2980000)
 Metaspace       used 5878K, capacity 6960K, committed 7040K, reserved 1056768K
  class space    used 584K, capacity 616K, committed 640K, reserved 1048576K

Card table byte_map: [0x00007f9534a3f000,0x00007f9534c40000] byte_map_base: 0x00007f953443f000

Marking Bits: (ParMarkBitMap*) 0x00007f9549e60020
 Begin Bits: [0x00007f9526000000, 0x00007f9527000000)
 End Bits:   [0x00007f9527000000, 0x00007f9528000000)

Polling page: 0x00007f954aa85000

CodeCache: size=245760Kb used=5105Kb max_used=5105Kb free=240654Kb
 bounds [0x00007f9535000000, 0x00007f9535510000, 0x00007f9544000000]
 total_blobs=1621 nmethods=1353 adapters=182
 compilation: enabled

Compilation events (10 events):
Event: 3.635 Thread 0x00007f95440b9800 nmethod 1554 0x00007f95354fd350 code [0x00007f95354fd4c0, 0x00007f95354fd6e8]
Event: 3.635 Thread 0x00007f95440b9800 1384  s    2       com.android.dx.dex.file.StringIdsSection::intern (53 bytes)
Event: 3.635 Thread 0x00007f95440b9800 nmethod 1384 0x00007f95354fd7d0 code [0x00007f95354fd980, 0x00007f95354fded8]
Event: 3.635 Thread 0x00007f95440b9800 1541       2       com.android.dx.rop.cst.StdConstantPool::get0Ok (12 bytes)
Event: 3.636 Thread 0x00007f95440b9800 nmethod 1541 0x00007f95354fe210 code [0x00007f95354fe420, 0x00007f95354feb98]
Event: 3.636 Thread 0x00007f95440b9800 1519       2       com.android.dx.ssa.ConstCollector$2::map (28 bytes)
Event: 3.636 Thread 0x00007f95440b9800 nmethod 1519 0x00007f95354ff4d0 code [0x00007f95354ff640, 0x00007f95354ff7e8]
Event: 3.636 Thread 0x00007f95440b9800 1433       2       com.android.dx.rop.code.ThrowingInsn::accept (8 bytes)
Event: 3.636 Thread 0x00007f95440b9800 nmethod 1433 0x00007f95354ff910 code [0x00007f95354ffa80, 0x00007f95354ffc08]
Event: 3.636 Thread 0x00007f95440b9800 1419       2       com.android.dx.rop.code.ThrowingInsn::withNewRegisters (21 bytes)

GC Heap History (9 events):
Event: 1.218 GC heap before
{Heap before GC invocations=1 (full 0):
 PSYoungGen      total 18432K, used 15872K [0x00000000eab00000, 0x00000000ebf80000, 0x0000000100000000)
  eden space 15872K, 100% used [0x00000000eab00000,0x00000000eba80000,0x00000000eba80000)
  from space 2560K, 0% used [0x00000000ebd00000,0x00000000ebd00000,0x00000000ebf80000)
  to   space 2560K, 0% used [0x00000000eba80000,0x00000000eba80000,0x00000000ebd00000)
 ParOldGen       total 42496K, used 0K [0x00000000c0000000, 0x00000000c2980000, 0x00000000eab00000)
  object space 42496K, 0% used [0x00000000c0000000,0x00000000c0000000,0x00000000c2980000)
 Metaspace       used 5480K, capacity 6640K, committed 6784K, reserved 1056768K
  class space    used 575K, capacity 616K, committed 640K, reserved 1048576K
Event: 1.238 GC heap after
Heap after GC invocations=1 (full 0):
 PSYoungGen      total 18432K, used 2538K [0x00000000eab00000, 0x00000000ecf00000, 0x0000000100000000)
  eden space 15872K, 0% used [0x00000000eab00000,0x00000000eab00000,0x00000000eba80000)
  from space 2560K, 99% used [0x00000000eba80000,0x00000000ebcfaa90,0x00000000ebd00000)
  to   space 2560K, 0% used [0x00000000ecc80000,0x00000000ecc80000,0x00000000ecf00000)
 ParOldGen       total 42496K, used 1810K [0x00000000c0000000, 0x00000000c2980000, 0x00000000eab00000)
  object space 42496K, 4% used [0x00000000c0000000,0x00000000c01c4b50,0x00000000c2980000)
 Metaspace       used 5480K, capacity 6640K, committed 6784K, reserved 1056768K
  class space    used 575K, capacity 616K, committed 640K, reserved 1048576K
}
Event: 1.737 GC heap before
{Heap before GC invocations=2 (full 0):
 PSYoungGen      total 18432K, used 18410K [0x00000000eab00000, 0x00000000ecf00000, 0x0000000100000000)
  eden space 15872K, 100% used [0x00000000eab00000,0x00000000eba80000,0x00000000eba80000)
  from space 2560K, 99% used [0x00000000eba80000,0x00000000ebcfaa90,0x00000000ebd00000)
  to   space 2560K, 0% used [0x00000000ecc80000,0x00000000ecc80000,0x00000000ecf00000)
 ParOldGen       total 42496K, used 1810K [0x00000000c0000000, 0x00000000c2980000, 0x00000000eab00000)
  object space 42496K, 4% used [0x00000000c0000000,0x00000000c01c4b50,0x00000000c2980000)
 Metaspace       used 5641K, capacity 6768K, committed 7040K, reserved 1056768K
  class space    used 582K, capacity 616K, committed 640K, reserved 1048576K
Event: 1.820 GC heap after
Heap after GC invocations=2 (full 0):
 PSYoungGen      total 34304K, used 2538K [0x00000000eab00000, 0x00000000ecf00000, 0x0000000100000000)
  eden space 31744K, 0% used [0x00000000eab00000,0x00000000eab00000,0x00000000eca00000)
  from space 2560K, 99% used [0x00000000ecc80000,0x00000000ecefaa90,0x00000000ecf00000)
  to   space 2560K, 0% used [0x00000000eca00000,0x00000000eca00000,0x00000000ecc80000)
 ParOldGen       total 42496K, used 3945K [0x00000000c0000000, 0x00000000c2980000, 0x00000000eab00000)
  object space 42496K, 9% used [0x00000000c0000000,0x00000000c03da5b0,0x00000000c2980000)
 Metaspace       used 5641K, capacity 6768K, committed 7040K, reserved 1056768K
  class space    used 582K, capacity 616K, committed 640K, reserved 1048576K
}
Event: 2.318 GC heap before
{Heap before GC invocations=3 (full 0):
 PSYoungGen      total 34304K, used 34282K [0x00000000eab00000, 0x00000000ecf00000, 0x0000000100000000)
  eden space 31744K, 100% used [0x00000000eab00000,0x00000000eca00000,0x00000000eca00000)
  from space 2560K, 99% used [0x00000000ecc80000,0x00000000ecefaa90,0x00000000ecf00000)
  to   space 2560K, 0% used [0x00000000eca00000,0x00000000eca00000,0x00000000ecc80000)
 ParOldGen       total 42496K, used 3945K [0x00000000c0000000, 0x00000000c2980000, 0x00000000eab00000)
  object space 42496K, 9% used [0x00000000c0000000,0x00000000c03da5b0,0x00000000c2980000)
 Metaspace       used 5733K, capacity 6832K, committed 7040K, reserved 1056768K
  class space    used 584K, capacity 616K, committed 640K, reserved 1048576K
Event: 2.370 GC heap after
Heap after GC invocations=3 (full 0):
 PSYoungGen      total 34304K, used 2544K [0x00000000eab00000, 0x00000000eee00000, 0x0000000100000000)
  eden space 31744K, 0% used [0x00000000eab00000,0x00000000eab00000,0x00000000eca00000)
  from space 2560K, 99% used [0x00000000eca00000,0x00000000ecc7c020,0x00000000ecc80000)
  to   space 2560K, 0% used [0x00000000eeb80000,0x00000000eeb80000,0x00000000eee00000)
 ParOldGen       total 42496K, used 8838K [0x00000000c0000000, 0x00000000c2980000, 0x00000000eab00000)
  object space 42496K, 20% used [0x00000000c0000000,0x00000000c08a1bb8,0x00000000c2980000)
 Metaspace       used 5733K, capacity 6832K, committed 7040K, reserved 1056768K
  class space    used 584K, capacity 616K, committed 640K, reserved 1048576K
}
Event: 2.742 GC heap before
{Heap before GC invocations=4 (full 0):
 PSYoungGen      total 34304K, used 34288K [0x00000000eab00000, 0x00000000eee00000, 0x0000000100000000)
  eden space 31744K, 100% used [0x00000000eab00000,0x00000000eca00000,0x00000000eca00000)
  from space 2560K, 99% used [0x00000000eca00000,0x00000000ecc7c020,0x00000000ecc80000)
  to   space 2560K, 0% used [0x00000000eeb80000,0x00000000eeb80000,0x00000000eee00000)
 ParOldGen       total 42496K, used 8838K [0x00000000c0000000, 0x00000000c2980000, 0x00000000eab00000)
  object space 42496K, 20% used [0x00000000c0000000,0x00000000c08a1bd8,0x00000000c2980000)
 Metaspace       used 5792K, capacity 6896K, committed 7040K, reserved 1056768K
  class space    used 584K, capacity 616K, committed 640K, reserved 1048576K
Event: 2.844 GC heap after
Heap after GC invocations=4 (full 0):
 PSYoungGen      total 66048K, used 2528K [0x00000000eab00000, 0x00000000eee00000, 0x0000000100000000)
  eden space 63488K, 0% used [0x00000000eab00000,0x00000000eab00000,0x00000000ee900000)
  from space 2560K, 98% used [0x00000000eeb80000,0x00000000eedf83a8,0x00000000eee00000)
  to   space 2560K, 0% used [0x00000000ee900000,0x00000000ee900000,0x00000000eeb80000)
 ParOldGen       total 42496K, used 13988K [0x00000000c0000000, 0x00000000c2980000, 0x00000000eab00000)
  object space 42496K, 32% used [0x00000000c0000000,0x00000000c0da9068,0x00000000c2980000)
 Metaspace       used 5792K, capacity 6896K, committed 7040K, reserved 1056768K
  class space    used 584K, capacity 616K, committed 640K, reserved 1048576K
}
Event: 3.666 GC heap before
{Heap before GC invocations=5 (full 0):
 PSYoungGen      total 66048K, used 66016K [0x00000000eab00000, 0x00000000eee00000, 0x0000000100000000)
  eden space 63488K, 100% used [0x00000000eab00000,0x00000000ee900000,0x00000000ee900000)
  from space 2560K, 98% used [0x00000000eeb80000,0x00000000eedf83a8,0x00000000eee00000)
  to   space 2560K, 0% used [0x00000000ee900000,0x00000000ee900000,0x00000000eeb80000)
 ParOldGen       total 42496K, used 13990K [0x00000000c0000000, 0x00000000c2980000, 0x00000000eab00000)
  object space 42496K, 32% used [0x00000000c0000000,0x00000000c0da9b70,0x00000000c2980000)
 Metaspace       used 5878K, capacity 6960K, committed 7040K, reserved 1056768K
  class space    used 584K, capacity 616K, committed 640K, reserved 1048576K

Deoptimization events (10 events):
Event: 0.598 Thread 0x00007f9544008800 Uncommon trap: reason=unstable_if action=reinterpret pc=0x00007f95351613c4 method=java.lang.String.indexOf(II)I @ 49
Event: 1.005 Thread 0x00007f9544008800 Uncommon trap: reason=unstable_if action=reinterpret pc=0x00007f95351b8a10 method=java.util.HashMap.getNode(ILjava/lang/Object;)Ljava/util/HashMap$Node; @ 62
Event: 1.066 Thread 0x00007f954414c800 Uncommon trap: reason=unstable_if action=reinterpret pc=0x00007f95351c6dec method=java.util.BitSet.nextSetBit(I)I @ 87
Event: 1.329 Thread 0x00007f954414c800 Uncommon trap: reason=unstable_if action=reinterpret pc=0x00007f95351d6978 method=java.util.BitSet.ensureCapacity(I)V @ 6
Event: 1.354 Thread 0x00007f954414c800 Uncommon trap: reason=unstable_if action=reinterpret pc=0x00007f953520b29c method=com.android.dx.rop.cst.Constant.compareTo(Lcom/android/dx/rop/cst/Constant;)I @ 12
Event: 1.364 Thread 0x00007f9544137800 Uncommon trap: reason=unstable_if action=reinterpret pc=0x00007f95351cff7c method=java.util.HashMap.getNode(ILjava/lang/Object;)Ljava/util/HashMap$Node; @ 62
Event: 1.484 Thread 0x00007f9544008800 Uncommon trap: reason=unstable_if action=reinterpret pc=0x00007f95351af4f0 method=java.lang.String.replace(CC)Ljava/lang/String; @ 26
Event: 1.679 Thread 0x00007f9544137800 Uncommon trap: reason=unstable_if action=reinterpret pc=0x00007f9535292758 method=com.android.dx.rop.code.RegisterSpec.equals(ILcom/android/dx/rop/type/TypeBearer;Lcom/android/dx/rop/code/LocalItem;)Z @ 16
Event: 1.720 Thread 0x00007f9544008800 Uncommon trap: reason=bimorphic action=maybe_recompile pc=0x00007f95352af8f4 method=java.util.HashMap.getNode(ILjava/lang/Object;)Ljava/util/HashMap$Node; @ 126
Event: 3.439 Thread 0x00007f954414c800 Uncommon trap: reason=null_check action=make_not_entrant pc=0x00007f9535212d90 method=com.android.dx.rop.type.Type.equals(Ljava/lang/Object;)Z @ 8

Internal exceptions (3 events):
Event: 0.076 Thread 0x00007f9544008800 Exception <a 'java/lang/NoSuchMethodError': Method sun.misc.Unsafe.defineClass(Ljava/lang/String;[BII)Ljava/lang/Class; name or signature does not match> (0x00000000eab12b88) thrown at [/HUDSON/workspace/8-2-build-linux-amd64/jdk8u66/4988/hotspot/src/shar
Event: 0.076 Thread 0x00007f9544008800 Exception <a 'java/lang/NoSuchMethodError': Method sun.misc.Unsafe.prefetchRead(Ljava/lang/Object;J)V name or signature does not match> (0x00000000eab12e70) thrown at [/HUDSON/workspace/8-2-build-linux-amd64/jdk8u66/4988/hotspot/src/share/vm/prims/jni.cpp
Event: 3.439 Thread 0x00007f954414c800 Implicit null exception at 0x00007f9535212ce2 to 0x00007f9535212d82

Events (10 events):
Event: 3.439 Thread 0x00007f954414c800 Uncommon trap: trap_request=0xfffffff4 fr.pc=0x00007f9535212d90
Event: 3.439 Thread 0x00007f954414c800 DEOPT PACKING pc=0x00007f9535212d90 sp=0x00007f951b3749c0
Event: 3.439 Thread 0x00007f954414c800 DEOPT UNPACKING pc=0x00007f9535004f69 sp=0x00007f951b374968 mode 2
Event: 3.447 Thread 0x00007f9544137800 DEOPT PACKING pc=0x00007f953534d8ec sp=0x00007f951b577020
Event: 3.448 Thread 0x00007f9544137800 DEOPT UNPACKING pc=0x00007f9535046f73 sp=0x00007f951b576d20 mode 0
Event: 3.535 Thread 0x00007f954414c800 DEOPT PACKING pc=0x00007f95353d5861 sp=0x00007f951b374ed0
Event: 3.536 Thread 0x00007f954414c800 DEOPT UNPACKING pc=0x00007f9535046f73 sp=0x00007f951b374ce0 mode 0
Event: 3.593 Thread 0x00007f9544150000 DEOPT PACKING pc=0x00007f9535392070 sp=0x00007f951b173110
Event: 3.593 Thread 0x00007f9544150000 DEOPT UNPACKING pc=0x00007f9535046f73 sp=0x00007f951b172e40 mode 0
Event: 3.642 Executing VM operation: ParallelGCFailedAllocation


Dynamic libraries:
00400000-00401000 r-xp 00000000 08:02 138743                             /usr/lib/jvm/java-8-jdk/jre/bin/java
00600000-00601000 rw-p 00000000 08:02 138743                             /usr/lib/jvm/java-8-jdk/jre/bin/java
00ca8000-00cc9000 rw-p 00000000 00:00 0                                  [heap]
c0000000-c2980000 rw-p 00000000 00:00 0 
c2980000-eab00000 ---p 00000000 00:00 0 
eab00000-eee00000 rw-p 00000000 00:00 0 
f4000000-100000000 ---p 00000000 00:00 0 
100000000-1000a0000 rw-p 00000000 00:00 0 
1000a0000-140000000 ---p 00000000 00:00 0 
7f94e0000000-7f94e0024000 rw-p 00000000 00:00 0 
7f94e0024000-7f94e4000000 ---p 00000000 00:00 0 
7f94e8000000-7f94e803f000 rw-p 00000000 00:00 0 
7f94e803f000-7f94ec000000 ---p 00000000 00:00 0 
7f94ec000000-7f94ec021000 rw-p 00000000 00:00 0 
7f94ec021000-7f94f0000000 ---p 00000000 00:00 0 
7f94f0000000-7f94f003c000 rw-p 00000000 00:00 0 
7f94f003c000-7f94f4000000 ---p 00000000 00:00 0 
7f94f4000000-7f94f4021000 rw-p 00000000 00:00 0 
7f94f4021000-7f94f8000000 ---p 00000000 00:00 0 
7f94f8000000-7f94f8021000 rw-p 00000000 00:00 0 
7f94f8021000-7f94fc000000 ---p 00000000 00:00 0 
7f94fc000000-7f94fc021000 rw-p 00000000 00:00 0 
7f94fc021000-7f9500000000 ---p 00000000 00:00 0 
7f9500000000-7f9500750000 rw-p 00000000 00:00 0 
7f9500750000-7f9504000000 ---p 00000000 00:00 0 
7f9504000000-7f95046f9000 rw-p 00000000 00:00 0 
7f95046f9000-7f9508000000 ---p 00000000 00:00 0 
7f9508000000-7f9508021000 rw-p 00000000 00:00 0 
7f9508021000-7f950c000000 ---p 00000000 00:00 0 
7f950c000000-7f950c8aa000 rw-p 00000000 00:00 0 
7f950c8aa000-7f9510000000 ---p 00000000 00:00 0 
7f9510000000-7f9510021000 rw-p 00000000 00:00 0 
7f9510021000-7f9514000000 ---p 00000000 00:00 0 
7f9514000000-7f9514021000 rw-p 00000000 00:00 0 
7f9514021000-7f9518000000 ---p 00000000 00:00 0 
7f951b074000-7f951b077000 ---p 00000000 00:00 0 
7f951b077000-7f951b175000 rw-p 00000000 00:00 0                          [stack:11537]
7f951b175000-7f951b178000 ---p 00000000 00:00 0 
7f951b178000-7f951b276000 rw-p 00000000 00:00 0                          [stack:11536]
7f951b276000-7f951b279000 ---p 00000000 00:00 0 
7f951b279000-7f951b377000 rw-p 00000000 00:00 0                          [stack:11532]
7f951b377000-7f951b37a000 ---p 00000000 00:00 0 
7f951b37a000-7f951b478000 rw-p 00000000 00:00 0                          [stack:11529]
7f951b478000-7f951b47b000 ---p 00000000 00:00 0 
7f951b47b000-7f951b579000 rw-p 00000000 00:00 0                          [stack:11528]
7f951b579000-7f951c000000 r--p 00000000 08:02 195670                     /usr/lib/locale/locale-archive
7f951c000000-7f951c2bc000 rw-p 00000000 00:00 0 
7f951c2bc000-7f9520000000 ---p 00000000 00:00 0 
7f9520000000-7f9520021000 rw-p 00000000 00:00 0 
7f9520021000-7f9524000000 ---p 00000000 00:00 0 
7f95240c8000-7f95240e9000 r--p 00000000 08:02 133431                     /usr/share/locale/zh_TW/LC_MESSAGES/libc.mo
7f95240e9000-7f95240ea000 ---p 00000000 00:00 0 
7f95240ea000-7f95241ea000 rw-p 00000000 00:00 0                          [stack:11516]
7f95241ea000-7f95241ed000 ---p 00000000 00:00 0 
7f95241ed000-7f95242eb000 rw-p 00000000 00:00 0                          [stack:11510]
7f95242eb000-7f95242ee000 ---p 00000000 00:00 0 
7f95242ee000-7f95243ec000 rw-p 00000000 00:00 0                          [stack:11507]
7f95243ec000-7f95243ef000 ---p 00000000 00:00 0 
7f95243ef000-7f95244ed000 rw-p 00000000 00:00 0                          [stack:11503]
7f95244ed000-7f95244f0000 ---p 00000000 00:00 0 
7f95244f0000-7f95245ee000 rw-p 00000000 00:00 0                          [stack:11502]
7f95245ee000-7f95245f1000 ---p 00000000 00:00 0 
7f95245f1000-7f95246ef000 rw-p 00000000 00:00 0                          [stack:11501]
7f95246ef000-7f95246f2000 ---p 00000000 00:00 0 
7f95246f2000-7f95247f0000 rw-p 00000000 00:00 0                          [stack:11494]
7f95247f0000-7f95247f3000 ---p 00000000 00:00 0 
7f95247f3000-7f95248f1000 rw-p 00000000 00:00 0                          [stack:11493]
7f95248f1000-7f95248f2000 ---p 00000000 00:00 0 
7f95248f2000-7f9525e40000 rw-p 00000000 00:00 0                          [stack:11486]
7f9525e40000-7f9526000000 ---p 00000000 00:00 0 
7f9526000000-7f9528000000 rw-p 00000000 00:00 0 
7f9528000000-7f9528021000 rw-p 00000000 00:00 0 
7f9528021000-7f952c000000 ---p 00000000 00:00 0 
7f952c000000-7f952c021000 rw-p 00000000 00:00 0 
7f952c021000-7f9530000000 ---p 00000000 00:00 0 
7f9530000000-7f9530021000 rw-p 00000000 00:00 0 
7f9530021000-7f9534000000 ---p 00000000 00:00 0 
7f9534005000-7f9534197000 rw-p 00000000 00:00 0 
7f9534197000-7f9534370000 r--s 03d20000 08:02 138800                     /usr/lib/jvm/java-8-jdk/jre/lib/rt.jar
7f9534370000-7f95345e6000 rw-p 00000000 00:00 0 
7f95345e6000-7f95345e7000 ---p 00000000 00:00 0 
7f95345e7000-7f95346e7000 rw-p 00000000 00:00 0                          [stack:11472]
7f95346e7000-7f95346e8000 ---p 00000000 00:00 0 
7f95346e8000-7f95347e8000 rw-p 00000000 00:00 0                          [stack:11471]
7f95347e8000-7f95347e9000 ---p 00000000 00:00 0 
7f95347e9000-7f95348fe000 rw-p 00000000 00:00 0                          [stack:11470]
7f95348fe000-7f9534a3f000 ---p 00000000 00:00 0 
7f9534a3f000-7f9534a54000 rw-p 00000000 00:00 0 
7f9534a54000-7f9534b94000 ---p 00000000 00:00 0 
7f9534b94000-7f9534bb6000 rw-p 00000000 00:00 0 
7f9534bb6000-7f9534c3f000 ---p 00000000 00:00 0 
7f9534c3f000-7f9534c55000 rw-p 00000000 00:00 0 
7f9534c55000-7f9535000000 ---p 00000000 00:00 0 
7f9535000000-7f9535510000 rwxp 00000000 00:00 0 
7f9535510000-7f9544000000 ---p 00000000 00:00 0 
7f9544000000-7f9544387000 rw-p 00000000 00:00 0 
7f9544387000-7f9548000000 ---p 00000000 00:00 0 
7f9548000000-7f9548042000 rw-p 00000000 00:00 0 
7f9548042000-7f9548043000 ---p 00000000 00:00 0 
7f9548043000-7f9548143000 rw-p 00000000 00:00 0                          [stack:11469]
7f9548143000-7f954815d000 r-xp 00000000 08:02 140641                     /usr/lib/jvm/java-8-jdk/jre/lib/amd64/libzip.so
7f954815d000-7f954835d000 ---p 0001a000 08:02 140641                     /usr/lib/jvm/java-8-jdk/jre/lib/amd64/libzip.so
7f954835d000-7f954835e000 rw-p 0001a000 08:02 140641                     /usr/lib/jvm/java-8-jdk/jre/lib/amd64/libzip.so
7f954835e000-7f9548369000 r-xp 00000000 08:02 135008                     /usr/lib/libnss_files-2.22.so
7f9548369000-7f9548568000 ---p 0000b000 08:02 135008                     /usr/lib/libnss_files-2.22.so
7f9548568000-7f9548569000 r--p 0000a000 08:02 135008                     /usr/lib/libnss_files-2.22.so
7f9548569000-7f954856a000 rw-p 0000b000 08:02 135008                     /usr/lib/libnss_files-2.22.so
7f954856a000-7f9548570000 rw-p 00000000 00:00 0 
7f9548570000-7f954859a000 r-xp 00000000 08:02 140647                     /usr/lib/jvm/java-8-jdk/jre/lib/amd64/libjava.so
7f954859a000-7f954879a000 ---p 0002a000 08:02 140647                     /usr/lib/jvm/java-8-jdk/jre/lib/amd64/libjava.so
7f954879a000-7f954879c000 rw-p 0002a000 08:02 140647                     /usr/lib/jvm/java-8-jdk/jre/lib/amd64/libjava.so
7f954879c000-7f95487a9000 r-xp 00000000 08:02 140642                     /usr/lib/jvm/java-8-jdk/jre/lib/amd64/libverify.so
7f95487a9000-7f95489a9000 ---p 0000d000 08:02 140642                     /usr/lib/jvm/java-8-jdk/jre/lib/amd64/libverify.so
7f95489a9000-7f95489ab000 rw-p 0000d000 08:02 140642                     /usr/lib/jvm/java-8-jdk/jre/lib/amd64/libverify.so
7f95489ab000-7f95489b2000 r-xp 00000000 08:02 135017                     /usr/lib/librt-2.22.so
7f95489b2000-7f9548bb1000 ---p 00007000 08:02 135017                     /usr/lib/librt-2.22.so
7f9548bb1000-7f9548bb2000 r--p 00006000 08:02 135017                     /usr/lib/librt-2.22.so
7f9548bb2000-7f9548bb3000 rw-p 00007000 08:02 135017                     /usr/lib/librt-2.22.so
7f9548bb3000-7f9548cb0000 r-xp 00000000 08:02 135014                     /usr/lib/libm-2.22.so
7f9548cb0000-7f9548eaf000 ---p 000fd000 08:02 135014                     /usr/lib/libm-2.22.so
7f9548eaf000-7f9548eb0000 r--p 000fc000 08:02 135014                     /usr/lib/libm-2.22.so
7f9548eb0000-7f9548eb1000 rw-p 000fd000 08:02 135014                     /usr/lib/libm-2.22.so
7f9548eb1000-7f9549b6f000 r-xp 00000000 08:02 140688                     /usr/lib/jvm/java-8-jdk/jre/lib/amd64/server/libjvm.so
7f9549b6f000-7f9549d6e000 ---p 00cbe000 08:02 140688                     /usr/lib/jvm/java-8-jdk/jre/lib/amd64/server/libjvm.so
7f9549d6e000-7f9549e47000 rw-p 00cbd000 08:02 140688                     /usr/lib/jvm/java-8-jdk/jre/lib/amd64/server/libjvm.so
7f9549e47000-7f9549e8b000 rw-p 00000000 00:00 0 
7f9549e8b000-7f954a026000 r-xp 00000000 08:02 134956                     /usr/lib/libc-2.22.so
7f954a026000-7f954a225000 ---p 0019b000 08:02 134956                     /usr/lib/libc-2.22.so
7f954a225000-7f954a229000 r--p 0019a000 08:02 134956                     /usr/lib/libc-2.22.so
7f954a229000-7f954a22b000 rw-p 0019e000 08:02 134956                     /usr/lib/libc-2.22.so
7f954a22b000-7f954a22f000 rw-p 00000000 00:00 0 
7f954a22f000-7f954a232000 r-xp 00000000 08:02 135012                     /usr/lib/libdl-2.22.so
7f954a232000-7f954a431000 ---p 00003000 08:02 135012                     /usr/lib/libdl-2.22.so
7f954a431000-7f954a432000 r--p 00002000 08:02 135012                     /usr/lib/libdl-2.22.so
7f954a432000-7f954a433000 rw-p 00003000 08:02 135012                     /usr/lib/libdl-2.22.so
7f954a433000-7f954a448000 r-xp 00000000 08:02 140687                     /usr/lib/jvm/java-8-jdk/jre/lib/amd64/jli/libjli.so
7f954a448000-7f954a648000 ---p 00015000 08:02 140687                     /usr/lib/jvm/java-8-jdk/jre/lib/amd64/jli/libjli.so
7f954a648000-7f954a649000 rw-p 00015000 08:02 140687                     /usr/lib/jvm/java-8-jdk/jre/lib/amd64/jli/libjli.so
7f954a649000-7f954a661000 r-xp 00000000 08:02 134925                     /usr/lib/libpthread-2.22.so
7f954a661000-7f954a860000 ---p 00018000 08:02 134925                     /usr/lib/libpthread-2.22.so
7f954a860000-7f954a861000 r--p 00017000 08:02 134925                     /usr/lib/libpthread-2.22.so
7f954a861000-7f954a862000 rw-p 00018000 08:02 134925                     /usr/lib/libpthread-2.22.so
7f954a862000-7f954a866000 rw-p 00000000 00:00 0 
7f954a866000-7f954a888000 r-xp 00000000 08:02 134955                     /usr/lib/ld-2.22.so
7f954a893000-7f954a8a8000 r--s 000e5000 08:03 2100952                    /home/shana/AndroidStudioProjects/WebIntentCaster/app/build/intermediates/exploded-aar/com.android.support/support-v4/23.1.1/jars/classes.jar
7f954a8a8000-7f954a94c000 rw-p 00000000 00:00 0 
7f954a94c000-7f954a94f000 ---p 00000000 00:00 0 
7f954a94f000-7f954aa51000 rw-p 00000000 00:00 0                          [stack:11464]
7f954aa58000-7f954aa59000 rw-p 00000000 00:00 0 
7f954aa59000-7f954aa68000 r--s 000df000 08:03 1976130                    /home/shana/Android/Sdk/build-tools/23.0.1/lib/dx.jar
7f954aa68000-7f954aa7c000 rw-p 00000000 00:00 0 
7f954aa7c000-7f954aa84000 rw-s 00000000 00:22 1360376                    /tmp/hsperfdata_shana/11456
7f954aa84000-7f954aa85000 rw-p 00000000 00:00 0 
7f954aa85000-7f954aa86000 ---p 00000000 00:00 0 
7f954aa86000-7f954aa87000 rw-p 00000000 00:00 0 
7f954aa87000-7f954aa88000 r--p 00021000 08:02 134955                     /usr/lib/ld-2.22.so
7f954aa88000-7f954aa89000 rw-p 00022000 08:02 134955                     /usr/lib/ld-2.22.so
7f954aa89000-7f954aa8a000 rw-p 00000000 00:00 0 
7ffc2cc09000-7ffc2cc2a000 rw-p 00000000 00:00 0                          [stack]
7ffc2cd65000-7ffc2cd67000 r--p 00000000 00:00 0                          [vvar]
7ffc2cd67000-7ffc2cd69000 r-xp 00000000 00:00 0                          [vdso]
ffffffffff600000-ffffffffff601000 r-xp 00000000 00:00 0                  [vsyscall]

VM Arguments:
jvm_args: -Djava.awt.headless=true -Xmx1024M -Dfile.encoding=UTF-8 -Duser.country=TW -Duser.language=zh -Duser.variant 
java_command: com.android.dx.command.Main --dex --num-threads=4 --output /home/shana/AndroidStudioProjects/WebIntentCaster/app/build/intermediates/pre-dexed/debug/com.android.support-support-v4-23.1.1_6ed1f3c598b8c023b95790a6c2af2da2991f77d4.jar /home/shana/AndroidStudioProjects/WebIntentCaster/app/build/intermediates/exploded-aar/com.android.support/support-v4/23.1.1/jars/classes.jar
java_class_path (initial): /home/shana/Android/Sdk/build-tools/23.0.1/lib/dx.jar
Launcher Type: SUN_STANDARD

Environment Variables:
PATH=/usr/local/sbin:/usr/local/bin:/usr/bin:/usr/lib/jvm/default/bin:/usr/bin/site_perl:/usr/bin/vendor_perl:/usr/bin/core_perl:/home/shana/bin
LD_LIBRARY_PATH=/opt/android-studio/bin:
SHELL=/bin/bash
DISPLAY=:0.0

Signal Handlers:
SIGSEGV: [libjvm.so+0xaba2a0], sa_mask[0]=11111111011111111101111111111110, sa_flags=SA_RESTART|SA_SIGINFO
SIGBUS: [libjvm.so+0xaba2a0], sa_mask[0]=11111111011111111101111111111110, sa_flags=SA_RESTART|SA_SIGINFO
SIGFPE: [libjvm.so+0x917710], sa_mask[0]=11111111011111111101111111111110, sa_flags=SA_RESTART|SA_SIGINFO
SIGPIPE: [libjvm.so+0x917710], sa_mask[0]=11111111011111111101111111111110, sa_flags=SA_RESTART|SA_SIGINFO
SIGXFSZ: [libjvm.so+0x917710], sa_mask[0]=11111111011111111101111111111110, sa_flags=SA_RESTART|SA_SIGINFO
SIGILL: [libjvm.so+0x917710], sa_mask[0]=11111111011111111101111111111110, sa_flags=SA_RESTART|SA_SIGINFO
SIGUSR1: SIG_DFL, sa_mask[0]=00000000000000000000000000000000, sa_flags=none
SIGUSR2: [libjvm.so+0x918d40], sa_mask[0]=00100000000000000000000000000000, sa_flags=SA_RESTART|SA_SIGINFO
SIGHUP: [libjvm.so+0x91a140], sa_mask[0]=11111111011111111101111111111110, sa_flags=SA_RESTART|SA_SIGINFO
SIGINT: [libjvm.so+0x91a140], sa_mask[0]=11111111011111111101111111111110, sa_flags=SA_RESTART|SA_SIGINFO
SIGTERM: [libjvm.so+0x91a140], sa_mask[0]=11111111011111111101111111111110, sa_flags=SA_RESTART|SA_SIGINFO
SIGQUIT: [libjvm.so+0x91a140], sa_mask[0]=11111111011111111101111111111110, sa_flags=SA_RESTART|SA_SIGINFO


---------------  S Y S T E M  ---------------

OS:NAME="Arch Linux"
ID=arch
PRETTY_NAME="Arch Linux"
ANSI_COLOR="0;36"
HOME_URL="https://www.archlinux.org/"
SUPPORT_URL="https://bbs.archlinux.org/"
BUG_REPORT_URL="https://bugs.archlinux.org/"


uname:Linux 4.2.5-1-ARCH #1 SMP PREEMPT Tue Oct 27 08:13:28 CET 2015 x86_64
libc:glibc 2.22 NPTL 2.22 
rlimit: STACK 8192k, CORE 0k, NPROC 15804, NOFILE 4096, AS infinity
load average:0.98 0.73 0.51

/proc/meminfo:
MemTotal:        4051432 kB
MemFree:           28732 kB
MemAvailable:      65280 kB
Buffers:            2716 kB
Cached:            36040 kB
SwapCached:            0 kB
Active:          3830264 kB
Inactive:          19384 kB
Active(anon):    3812608 kB
Inactive(anon):     2056 kB
Active(file):      17656 kB
Inactive(file):    17328 kB
Unevictable:           0 kB
Mlocked:               0 kB
SwapTotal:             0 kB
SwapFree:              0 kB
Dirty:               656 kB
Writeback:             0 kB
AnonPages:       3811092 kB
Mapped:            28176 kB
Shmem:              3540 kB
Slab:              57832 kB
SReclaimable:      31312 kB
SUnreclaim:        26520 kB
KernelStack:        7728 kB
PageTables:        19216 kB
NFS_Unstable:          0 kB
Bounce:                0 kB
WritebackTmp:          0 kB
CommitLimit:     2025716 kB
Committed_AS:    4936236 kB
VmallocTotal:   34359738367 kB
VmallocUsed:      144152 kB
VmallocChunk:   34359537660 kB
HardwareCorrupted:     0 kB
AnonHugePages:   1411072 kB
HugePages_Total:       0
HugePages_Free:        0
HugePages_Rsvd:        0
HugePages_Surp:        0
Hugepagesize:       2048 kB
DirectMap4k:      273920 kB
DirectMap2M:     3919872 kB


CPU:total 4 (4 cores per cpu, 1 threads per core) family 6 model 23 stepping 10, cmov, cx8, fxsr, mmx, sse, sse2, sse3, ssse3, sse4.1, tsc

/proc/cpuinfo:
processor	: 0
vendor_id	: GenuineIntel
cpu family	: 6
model		: 23
model name	: Intel(R) Core(TM)2 Quad CPU    Q9550  @ 2.83GHz
stepping	: 10
microcode	: 0xa07
cpu MHz		: 2833.235
cache size	: 6144 KB
physical id	: 0
siblings	: 4
core id		: 0
cpu cores	: 4
apicid		: 0
initial apicid	: 0
fpu		: yes
fpu_exception	: yes
cpuid level	: 13
wp		: yes
flags		: fpu vme de pse tsc msr pae mce cx8 apic sep mtrr pge mca cmov pat pse36 clflush dts acpi mmx fxsr sse sse2 ss ht tm pbe syscall nx lm constant_tsc arch_perfmon pebs bts rep_good nopl aperfmperf pni dtes64 monitor ds_cpl vmx smx est tm2 ssse3 cx16 xtpr pdcm sse4_1 xsave lahf_lm dtherm tpr_shadow vnmi flexpriority
bugs		:
bogomips	: 5668.57
clflush size	: 64
cache_alignment	: 64
address sizes	: 36 bits physical, 48 bits virtual
power management:

processor	: 1
vendor_id	: GenuineIntel
cpu family	: 6
model		: 23
model name	: Intel(R) Core(TM)2 Quad CPU    Q9550  @ 2.83GHz
stepping	: 10
microcode	: 0xa07
cpu MHz		: 2833.235
cache size	: 6144 KB
physical id	: 0
siblings	: 4
core id		: 1
cpu cores	: 4
apicid		: 1
initial apicid	: 1
fpu		: yes
fpu_exception	: yes
cpuid level	: 13
wp		: yes
flags		: fpu vme de pse tsc msr pae mce cx8 apic sep mtrr pge mca cmov pat pse36 clflush dts acpi mmx fxsr sse sse2 ss ht tm pbe syscall nx lm constant_tsc arch_perfmon pebs bts rep_good nopl aperfmperf pni dtes64 monitor ds_cpl vmx smx est tm2 ssse3 cx16 xtpr pdcm sse4_1 xsave lahf_lm dtherm tpr_shadow vnmi flexpriority
bugs		:
bogomips	: 5668.57
clflush size	: 64
cache_alignment	: 64
address sizes	: 36 bits physical, 48 bits virtual
power management:

processor	: 2
vendor_id	: GenuineIntel
cpu family	: 6
model		: 23
model name	: Intel(R) Core(TM)2 Quad CPU    Q9550  @ 2.83GHz
stepping	: 10
microcode	: 0xa07
cpu MHz		: 2833.235
cache size	: 6144 KB
physical id	: 0
siblings	: 4
core id		: 2
cpu cores	: 4
apicid		: 2
initial apicid	: 2
fpu		: yes
fpu_exception	: yes
cpuid level	: 13
wp		: yes
flags		: fpu vme de pse tsc msr pae mce cx8 apic sep mtrr pge mca cmov pat pse36 clflush dts acpi mmx fxsr sse sse2 ss ht tm pbe syscall nx lm constant_tsc arch_perfmon pebs bts rep_good nopl aperfmperf pni dtes64 monitor ds_cpl vmx smx est tm2 ssse3 cx16 xtpr pdcm sse4_1 xsave lahf_lm dtherm tpr_shadow vnmi flexpriority
bugs		:
bogomips	: 5668.57
clflush size	: 64
cache_alignment	: 64
address sizes	: 36 bits physical, 48 bits virtual
power management:

processor	: 3
vendor_id	: GenuineIntel
cpu family	: 6
model		: 23
model name	: Intel(R) Core(TM)2 Quad CPU    Q9550  @ 2.83GHz
stepping	: 10
microcode	: 0xa07
cpu MHz		: 2833.235
cache size	: 6144 KB
physical id	: 0
siblings	: 4
core id		: 3
cpu cores	: 4
apicid		: 3
initial apicid	: 3
fpu		: yes
fpu_exception	: yes
cpuid level	: 13
wp		: yes
flags		: fpu vme de pse tsc msr pae mce cx8 apic sep mtrr pge mca cmov pat pse36 clflush dts acpi mmx fxsr sse sse2 ss ht tm pbe syscall nx lm constant_tsc arch_perfmon pebs bts rep_good nopl aperfmperf pni dtes64 monitor ds_cpl vmx smx est tm2 ssse3 cx16 xtpr pdcm sse4_1 xsave lahf_lm dtherm tpr_shadow vnmi flexpriority
bugs		:
bogomips	: 5668.57
clflush size	: 64
cache_alignment	: 64
address sizes	: 36 bits physical, 48 bits virtual
power management:



Memory: 4k page, physical 4051432k(28732k free), swap 0k(0k free)

vm_info: Java HotSpot(TM) 64-Bit Server VM (25.66-b17) for linux-amd64 JRE (1.8.0_66-b17), built on Oct  6 2015 17:28:34 by "java_re" with gcc 4.3.0 20080428 (Red Hat 4.3.0-8)

time: Wed Dec  9 19:54:29 2015
elapsed time: 3 seconds (0d 0h 0m 3s)

